Error: ENOENT: no such file or directory, open 'D:\4. Lomba\libpoint\test\data\05-versions-space.pdf'
    at Object.openSync (node:fs:561:18)
    at Object.readFileSync (node:fs:445:35)
    at module evaluation (D:\4. Lomba\libpoint\.next\dev\server\chunks\node_modules_pdf-parse_index_1harwur.js:12:25)
    at D:\4. Lomba\libpoint\.next\dev\server\chunks\[turbopack]_runtime.js:1291:27
    at runWithHooks (D:\4. Lomba\libpoint\.next\dev\server\chunks\[turbopack]_runtime.js:1554:9)
    at instantiateModuleShared (D:\4. Lomba\libpoint\.next\dev\server\chunks\[turbopack]_runtime.js:1289:9)
    at instantiateModule (D:\4. Lomba\libpoint\.next\dev\server\chunks\[turbopack]_runtime.js:1557:23)
    at getOrInstantiateModuleFromParent (D:\4. Lomba\libpoint\.next\dev\server\chunks\[turbopack]_runtime.js:1593:23)
    at Context.commonJsRequire [as r] (D:\4. Lomba\libpoint\.next\dev\server\chunks\[turbopack]_runtime.js:302:12)
    at POST (D:\4. Lomba\libpoint\.next\dev\server\chunks\[root-of-the-server]__1vg3kuf._.js:114:56)
    at process.processTicksAndRejections (node:internal/process/task_queues:104:5)
    at async AppRouteRouteModule.do (D:\4. Lomba\libpoint\node_modules\next\dist\compiled\next-server\app-route-turbo.runtime.dev.js:5:40131)
    at async AppRouteRouteModule.handle (D:\4. Lomba\libpoint\node_modules\next\dist\compiled\next-server\app-route-turbo.runtime.dev.js:5:47411)
    at async responseGenerator (D:\4. Lomba\libpoint\.next\dev\server\chunks\node_modules_next_13haoz-._.js:16543:38)
    at async AppRouteRouteModule.handleResponse (D:\4. Lomba\libpoint\node_modules\next\dist\compiled\next-server\app-route-turbo.runtime.dev.js:1:228552)
    at async handleResponse (D:\4. Lomba\libpoint\.next\dev\server\chunks\node_modules_next_13haoz-._.js:16606:32)
    at async Module.handler (D:\4. Lomba\libpoint\.next\dev\server\chunks\node_modules_next_13haoz-._.js:16660:13)
    at async DevServer.renderToResponseWithComponentsImpl (D:\4. Lomba\libpoint\node_modules\next\dist\server\base-server.js:1462:9)
    at async DevServer.renderPageComponent (D:\4. Lomba\libpoint\node_modules\next\dist\server\base-server.js:1514:24)
    at async DevServer.renderToResponseImpl (D:\4. Lomba\libpoint\node_modules\next\dist\server\base-server.js:1564:32)
    at async DevServer.pipeImpl (D:\4. Lomba\libpoint\node_modules\next\dist\server\base-server.js:1044:25)
    at async NextNodeServer.handleCatchallRenderRequest (D:\4. Lomba\libpoint\node_modules\next\dist\server\next-server.js:338:17)
    at async DevServer.handleRequestImpl (D:\4. Lomba\libpoint\node_modules\next\dist\server\base-server.js:935:17)
    at async D:\4. Lomba\libpoint\node_modules\next\dist\server\dev\next-dev-server.js:394:20
    at async Span.traceAsyncFn (D:\4. Lomba\libpoint\node_modules\next\dist\trace\trace.js:164:20)
    at async DevServer.handleRequest (D:\4. Lomba\libpoint\node_modules\next\dist\server\dev\next-dev-server.js:390:24)
    at async invokeRender (D:\4. Lomba\libpoint\node_modules\next\dist\server\lib\router-server.js:266:21)
    at async handleRequest (D:\4. Lomba\libpoint\node_modules\next\dist\server\lib\router-server.js:465:24)
    at async requestHandlerImpl (D:\4. Lomba\libpoint\node_modules\next\dist\server\lib\router-server.js:514:13)
    at async Server.requestListener (D:\4. Lomba\libpoint\node_modules\next\dist\server\lib\start-server.js:225:13)